Mar-26 12:49:31.589 [main] DEBUG nextflow.cli.Launcher - $> nextflow main.nf --help
Mar-26 12:49:31.696 [main] INFO  nextflow.cli.CmdRun - N E X T F L O W  ~  version 19.01.0
Mar-26 12:49:31.715 [main] INFO  nextflow.cli.CmdRun - Launching `main.nf` [focused_khorana] - revision: ed80fb7e65
Mar-26 12:49:31.731 [main] DEBUG nextflow.config.ConfigBuilder - Found config local: /home/smonzon/Documents/desarrollo/SARS_Cov2_assembly-nf/nextflow.config
Mar-26 12:49:31.732 [main] DEBUG nextflow.config.ConfigBuilder - Parsing config file: /home/smonzon/Documents/desarrollo/SARS_Cov2_assembly-nf/nextflow.config
Mar-26 12:49:31.765 [main] DEBUG nextflow.config.ConfigBuilder - Applying config profile: `standard`
Mar-26 12:49:32.494 [main] DEBUG nextflow.Session - Session uuid: 6a6ff163-cfbe-43ea-9dfa-9301b1d33ea1
Mar-26 12:49:32.494 [main] DEBUG nextflow.Session - Run name: focused_khorana
Mar-26 12:49:32.495 [main] DEBUG nextflow.Session - Executor pool size: 8
Mar-26 12:49:32.534 [main] DEBUG nextflow.cli.CmdRun - 
  Version: 19.01.0 build 5050
  Modified: 22-01-2019 11:19 UTC (12:19 CEST)
  System: Linux 5.3.0-40-generic
  Runtime: Groovy 2.5.5 on OpenJDK 64-Bit Server VM 10.0.2+13
  Encoding: UTF-8 (UTF-8)
  Process: 11619@PC-046614 [127.0.1.1]
  CPUs: 8 - Mem: 31.3 GB (511.5 MB) - Swap: 7.8 GB (7.7 GB)
Mar-26 12:49:32.578 [main] DEBUG nextflow.Session - Work-dir: /home/smonzon/Documents/desarrollo/SARS_Cov2_assembly-nf/work [ext2/ext3]
Mar-26 12:49:32.578 [main] DEBUG nextflow.Session - Script base path does not exist or is not a directory: /home/smonzon/Documents/desarrollo/SARS_Cov2_assembly-nf/bin
Mar-26 12:49:32.750 [main] DEBUG nextflow.Session - Session start invoked
Mar-26 12:49:32.755 [main] DEBUG nextflow.processor.TaskDispatcher - Dispatcher > start
Mar-26 12:49:32.756 [main] DEBUG nextflow.trace.TraceFileObserver - Flow starting -- trace file: /home/smonzon/Documents/desarrollo/SARS_Cov2_assembly-nf/results/trace.txt
Mar-26 12:49:32.758 [main] DEBUG nextflow.script.ScriptRunner - > Script parsing
Mar-26 12:49:33.084 [main] DEBUG nextflow.script.ScriptRunner - > Launching execution
Mar-26 12:49:33.094 [main] INFO  nextflow.Nextflow - 
=========================================
 BU-ISCIII/SARS_Cov2_assembly-nf : SARS_Cov2 Illumina data analysis using assembly v1.0
=========================================
Usage:

The typical command for running the pipeline is as follows:

nextflow run SARS_Cov2_assembly-nf/main.nf --reads '*_R{1,2}.fastq.gz' --viral_fasta ../../REFERENCES/NC_045512.2.fasta --viral_gff ../../REFERENCES/NC_045512.2.gff --viral_index '../REFERENCES/NC_045512.2.fasta.*' --blast_db '../REFERENCES/NC_045512.2.fasta.*' --host_fasta --host_fasta /processing_Data/bioinformatics/references/eukaria/homo_sapiens/hg38/UCSC/genome/hg38.fullAnalysisSet.fa --host_index '/processing_Data/bioinformatics/references/eukaria/homo_sapiens/hg38/UCSC/genome/hg38.fullAnalysisSet.fa.*' --amplicons_file ../REFERENCES/nCoV-2019.schemeMod.fasta --outdir ./ -profile hpc_isciii

Mandatory arguments:
  --reads                       Path to input data (must be surrounded with quotes).
  --viral_fasta                 Path to Fasta reference
  --viral_gff					          Path to GFF reference file. (Mandatory if step = assembly)
  --viral_index                 Path to viral fasta index
  --host_fasta                  Path to host Fasta sequence
  --host_index                  Path to host fasta index
  --blast_db                    Path to reference viral genome BLAST database

Options:
  --singleEnd                   Specifies that the input is single end reads
  --amplicons_file              Path to amplicons FASTA file.

Trimming options
  --notrim                      Specifying --notrim will skip the adapter trimming step.
  --saveTrimmed                 Save the trimmed Fastq files in the the Results directory.
  --trimmomatic_adapters_file   Adapters index for adapter removal
  --trimmomatic_adapters_parameters Trimming parameters for adapters. <seed mismatches>:<palindrome clip threshold>:<simple clip threshold>. Default 2:30:10
  --trimmomatic_window_length   Window size. Default 4
  --trimmomatic_window_value    Window average quality requiered. Default 20
  --trimmomatic_mininum_length  Minimum length of reads

Other options:
  --save_unmapped_host          Save the reads that didn't map to host genome
  --outdir                      The output directory where the results will be saved

